*** Using Compiler 'V5.06 update 5 (build 528)', folder: 'D:\application\keilcommunity\ARM\ARMCC\Bin'
Build target 'GD32F450'
assembling startup_gd32f450_470.s...
compiling TIMER.c...
"no source": Error:  #5: cannot open source input file "..\Hardware\TIMER\TIMER.c": No such file or directory
..\Hardware\TIMER\TIMER.c: 0 warnings, 1 error
compiling DCI.c...
..\Hardware\DCI\DCI.h(6): error:  #5: cannot open source input file "TIMER.h": No such file or directory
  #include "TIMER.h"
..\Hardware\DCI\DCI.c: 0 warnings, 1 error
compiling OV2640.c...
..\Hardware\DCI\DCI.h(6): error:  #5: cannot open source input file "TIMER.h": No such file or directory
  #include "TIMER.h"
..\Hardware\OV2640\OV2640.c: 0 warnings, 1 error
compiling MyDMA.c...
..\Hardware\DMA\MyDMA.c(180): error:  #20: identifier "DMA_DMA_CH6CH1" is undefined
      dma_multi_data_mode_init(
MA1,DMA_DMA_CH6CH1,&DMA_multihannel_InitStruct);		//初始化DMA。多数据传输模式
..\Hardware\DMA\MyDMA.c: 0 warnings, 1 error
compiling main.c...
..\Hardware\led\bsp_led.h(21): warning:  #1-D: last line of file ends without a newline
  #endif
..\Hardware\Lcd\Lcd.h(55): warning:  #1295-D: Deprecated declaration Lcd_Init - give arg types
  void Lcd_Init();
..\Hardware\Lcd\Lcd.h(57): warning:  #1295-D: Deprecated declaration Lcd_GetW - give arg types
  uint16_t Lcd_GetW();
..\Hardware\Lcd\Lcd.h(58): warning:  #1295-D: Deprecated declaration Lcd_GetH - give arg types
  uint16_t Lcd_GetH();
..\Hardware\DCI\DCI.h(6): error:  #5: cannot open source input file "TIMER.h": No such file or directory
  #include "TIMER.h"
..\User\main.c: 4 warnings, 1 error
compiling system_gd32f4xx.c...
compiling bsp_led.c...
..\Hardware\led\bsp_led.h(21): warning:  #1-D: last line of file ends without a newline
  #endif
..\Hardware\led\bsp_led.c(18): warning:  #1-D: last line of file ends without a newline
  }
..\Hardware\led\bsp_led.c: 2 warnings, 0 errors
compiling gd32f4xx_it.c...
compiling Spi4.c...
..\Hardware\Lcd\Spi4.c(37): warning:  #128-D: loop is not reachable
      while (RESET == spi_i2s_flag_get(SPI4, SPI_FLAG_RBNE));
..\Hardware\Lcd\Spi4.c(38): warning:  #940-D: missing return statement at end of non-void function "Spi4_Read" 
  }
..\Hardware\Lcd\Spi4.c: 2 warnings, 0 errors
compiling Lcd.c...
..\Hardware\Lcd\Lcd.h(55): warning:  #1295-D: Deprecated declaration Lcd_Init - give arg types
  void Lcd_Init();
..\Hardware\Lcd\Lcd.h(57): warning:  #1295-D: Deprecated declaration Lcd_GetW - give arg types
  uint16_t Lcd_GetW();
..\Hardware\Lcd\Lcd.h(58): warning:  #1295-D: Deprecated declaration Lcd_GetH - give arg types
  uint16_t Lcd_GetH();
..\Hardware\Lcd\Lcd.c: 3 warnings, 0 errors
compiling MyIIC.c...
compiling gd32f4xx_gpio.c...
compiling gd32f4xx_dma.c...
compiling Gui.c...
..\Hardware\Gui\Gui.c(15): warning:  #223-D: function "Lcd_PushStart" declared implicitly
  	Lcd_PushStart(xsta,ysta,xend-1,yend-1);//设置显示范围
..\Hardware\Gui\Gui.c(20): warning:  #223-D: function "Lcd_WriteData16" declared implicitly
  			Lcd_WriteData16(color);
..\Hardware\Gui\Gui.c(33): warning:  #223-D: function "Lcd_PushStart" declared implicitly
  	Lcd_PushStart(x,y,x,y);//设置光标位置
..\Hardware\Gui\Gui.c(34): warning:  #223-D: function "Lcd_WriteData16" declared implicitly
  	Lcd_WriteData16(color);
..\Hardware\Gui\Gui.c(116): warning:  #186-D: pointless comparison of unsigned integer with zero
            if (d1 < 0)
..\Hardware\Gui\Gui.c(129): warning:  #186-D: pointless comparison of unsigned integer with zero
             if (d2 < 0) {
..\Hardware\Gui\Gui.c(181): warning:  #223-D: function "Lcd_PushStart" declared implicitly
  	  	  Lcd_PushStart(a, b, a, b);  //设置点的位置
..\Hardware\Gui\Gui.c(182): warning:  #223-D: function "Lcd_WriteData16" declared implicitly
  	      Lcd_WriteData16(color);       //画点
..\Hardware\Gui\Gui.c(247): warning:  #223-D: function "Lcd_PushStart" declared implicitly
  			Lcd_PushStart(x,y,x+sizey-1,y+sizey-1);
..\Hardware\Gui\Gui.c(254): warning:  #223-D: function "Lcd_WriteData16" declared implicitly
  						if(tfont12[k].Msk[i]&(0x01<<j))Lcd_WriteData16(fc);
..\Hardware\Gui\Gui.c(255): warning:  #223-D: function "Lcd_WriteData16" declared implicitly
  						else Lcd_WriteData16(bc);
..\Hardware\Gui\Gui.c(304): warning:  #223-D: function "Lcd_PushStart" declared implicitly
  			Lcd_PushStart(x,y,x+sizey-1,y+sizey-1);
..\Hardware\Gui\Gui.c(311): warning:  #223-D: function "Lcd_WriteData16" declared implicitly
  						if(tfont16[k].Msk[i]&(0x01<<j))Lcd_WriteData16(fc);
..\Hardware\Gui\Gui.c(312): warning:  #223-D: function "Lcd_WriteData16" declared implicitly
  						else Lcd_WriteData16(bc);
..\Hardware\Gui\Gui.c(362): warning:  #223-D: function "Lcd_PushStart" declared implicitly
  			Lcd_PushStart(x,y,x+sizey-1,y+sizey-1);
..\Hardware\Gui\Gui.c(369): warning:  #223-D: function "Lcd_WriteData16" declared implicitly
  						if(tfont24[k].Msk[i]&(0x01<<j))Lcd_WriteData16(fc);
..\Hardware\Gui\Gui.c(370): warning:  #223-D: function "Lcd_WriteData16" declared implicitly
  						else Lcd_WriteData16(bc);
..\Hardware\Gui\Gui.c(419): warning:  #223-D: function "Lcd_PushStart" declared implicitly
  			Lcd_PushStart(x,y,x+sizey-1,y+sizey-1);
..\Hardware\Gui\Gui.c(426): warning:  #223-D: function "Lcd_WriteData16" declared implicitly
  						if(tfont32[k].Msk[i]&(0x01<<j))Lcd_WriteData16(fc);
..\Hardware\Gui\Gui.c(427): warning:  #223-D: function "Lcd_WriteData16" declared implicitly
  						else Lcd_WriteData16(bc);
..\Hardware\Gui\Gui.c(472): warning:  #223-D: function "Lcd_PushStart" declared implicitly
  	Lcd_PushStart(x,y,x+sizex-1,y+sizey-1);  //设置光标位置
..\Hardware\Gui\Gui.c(484): warning:  #223-D: function "Lcd_WriteData16" declared implicitly
  				if(temp&(0x01<<t))Lcd_WriteData16(fc);
..\Hardware\Gui\Gui.c(485): warning:  #223-D: function "Lcd_WriteData16" declared implicitly
  				else Lcd_WriteData16(bc);
..\Hardware\Gui\Gui.c(617): warning:  #223-D: function "Lcd_PushStart" declared implicitly
  	Lcd_PushStart(x,y,x+length-1,y+width-1);
..\Hardware\Gui\Gui.c(622): warning:  #223-D: function "Lcd_WriteData" declared implicitly
  			Lcd_WriteData(pic[k*2]);
..\Hardware\Gui\Gui.c(637): warning:  #223-D: function "Lcd_PushStart" declared implicitly
  	Lcd_PushStart(x,y,x+length-1,y+width-1);
..\Hardware\Gui\Gui.c(647): warning:  #223-D: function "Lcd_WriteData" declared implicitly
  			Lcd_WriteData(Temp1);
..\Hardware\Gui\Gui.c(664): warning:  #223-D: function "Lcd_PushStart" declared implicitly
  	Lcd_PushStart(x,y,x+length-1,y+width-1);
..\Hardware\Gui\Gui.c(674): warning:  #223-D: function "LCD_Writ_NewBus" declared implicitly
  			LCD_Writ_NewBus(Temp3);
..\Hardware\Gui\Gui.c: 29 warnings, 0 errors
compiling gd32f4xx_rcu.c...
compiling gd32f4xx_spi.c...
compiling gd32f4xx_misc.c...
compiling gd32f4xx_dci.c...
compiling gd32f4xx_i2c.c...
compiling gd32f4xx_timer.c...
".\Objects\GD32F450.axf" - 5 Error(s), 40 Warning(s).
Target not created.
Build Time Elapsed:  00:00:03
